{
  "RSpec": {
    "coverage": {
      "/Users/leandromachado/Projects/Hirings/pin-people-challenge/app/models/city.rb": {
        "lines": [
          1,
          1,
          null
        ]
      },
      "/Users/leandromachado/Projects/Hirings/pin-people-challenge/app/models/application_record.rb": {
        "lines": [
          1,
          1,
          null
        ]
      },
      "/Users/leandromachado/Projects/Hirings/pin-people-challenge/spec/models/company_spec.rb": {
        "lines": [
          1,
          null,
          1,
          1,
          4,
          null,
          1,
          2,
          null,
          null,
          1,
          2,
          null,
          1,
          1,
          1,
          null,
          null,
          null,
          1,
          2,
          null,
          1,
          1,
          1,
          null,
          null,
          null,
          null
        ]
      },
      "/Users/leandromachado/Projects/Hirings/pin-people-challenge/app/models/company.rb": {
        "lines": [
          1,
          1,
          null
        ]
      },
      "/Users/leandromachado/Projects/Hirings/pin-people-challenge/spec/models/coordination_spec.rb": {
        "lines": [
          1,
          null,
          1,
          1,
          4,
          null,
          1,
          2,
          null,
          null,
          1,
          2,
          null,
          1,
          1,
          1,
          null,
          null,
          null,
          1,
          2,
          null,
          1,
          1,
          1,
          null,
          null,
          null,
          null
        ]
      },
      "/Users/leandromachado/Projects/Hirings/pin-people-challenge/app/models/coordination.rb": {
        "lines": [
          1,
          1,
          null
        ]
      },
      "/Users/leandromachado/Projects/Hirings/pin-people-challenge/spec/models/directorate_spec.rb": {
        "lines": [
          1,
          null,
          1,
          1,
          4,
          null,
          1,
          2,
          null,
          null,
          1,
          2,
          null,
          1,
          1,
          1,
          null,
          null,
          null,
          1,
          2,
          null,
          1,
          1,
          1,
          null,
          null,
          null,
          null
        ]
      },
      "/Users/leandromachado/Projects/Hirings/pin-people-challenge/app/models/directorate.rb": {
        "lines": [
          1,
          1,
          null
        ]
      },
      "/Users/leandromachado/Projects/Hirings/pin-people-challenge/spec/models/employee_spec.rb": {
        "lines": [
          1,
          null,
          1,
          1,
          5,
          null,
          1,
          2,
          null,
          null,
          1,
          2,
          null,
          1,
          1,
          1,
          null,
          null,
          null,
          1,
          1,
          2,
          null,
          null,
          null,
          null,
          null,
          1,
          1,
          2,
          null,
          null,
          null,
          null,
          null,
          null
        ]
      },
      "/Users/leandromachado/Projects/Hirings/pin-people-challenge/app/models/employee.rb": {
        "lines": [
          1,
          1,
          1,
          1,
          1,
          1,
          1,
          1,
          null,
          1,
          1,
          null,
          1,
          1,
          null,
          1,
          1,
          1,
          1,
          null
        ]
      },
      "/Users/leandromachado/Projects/Hirings/pin-people-challenge/spec/models/function_spec.rb": {
        "lines": [
          1,
          null,
          1,
          1,
          4,
          null,
          1,
          2,
          null,
          null,
          1,
          2,
          null,
          1,
          1,
          1,
          null,
          null,
          null,
          1,
          2,
          null,
          1,
          1,
          1,
          null,
          null,
          null,
          null
        ]
      },
      "/Users/leandromachado/Projects/Hirings/pin-people-challenge/app/models/function.rb": {
        "lines": [
          1,
          1,
          null
        ]
      },
      "/Users/leandromachado/Projects/Hirings/pin-people-challenge/spec/models/functional_area_spec.rb": {
        "lines": [
          1,
          null,
          1,
          1,
          4,
          null,
          1,
          2,
          null,
          null,
          1,
          2,
          null,
          1,
          1,
          1,
          null,
          null,
          null,
          1,
          2,
          null,
          1,
          1,
          1,
          null,
          null,
          null,
          null
        ]
      },
      "/Users/leandromachado/Projects/Hirings/pin-people-challenge/app/models/functional_area.rb": {
        "lines": [
          1,
          1,
          null
        ]
      },
      "/Users/leandromachado/Projects/Hirings/pin-people-challenge/spec/models/management_spec.rb": {
        "lines": [
          1,
          null,
          1,
          1,
          4,
          null,
          1,
          2,
          null,
          null,
          1,
          2,
          null,
          1,
          1,
          1,
          null,
          null,
          null,
          1,
          2,
          null,
          1,
          1,
          1,
          null,
          null,
          null,
          null
        ]
      },
      "/Users/leandromachado/Projects/Hirings/pin-people-challenge/app/models/management.rb": {
        "lines": [
          1,
          1,
          null
        ]
      },
      "/Users/leandromachado/Projects/Hirings/pin-people-challenge/spec/models/org_area_spec.rb": {
        "lines": [
          1,
          null,
          1,
          1,
          4,
          null,
          1,
          2,
          null,
          null,
          1,
          2,
          null,
          1,
          1,
          1,
          null,
          null,
          null,
          1,
          2,
          null,
          1,
          1,
          1,
          null,
          null,
          null,
          null
        ]
      },
      "/Users/leandromachado/Projects/Hirings/pin-people-challenge/app/models/org_area.rb": {
        "lines": [
          1,
          1,
          null
        ]
      },
      "/Users/leandromachado/Projects/Hirings/pin-people-challenge/spec/models/organization_structure_spec.rb": {
        "lines": [
          1,
          null,
          1,
          1,
          1,
          2,
          null,
          null,
          null,
          null,
          null,
          3,
          3,
          3,
          3,
          3,
          null,
          1,
          2,
          null,
          null,
          1,
          1,
          1,
          null,
          null,
          null,
          null,
          null,
          1,
          1,
          1,
          null,
          null,
          null,
          null
        ]
      },
      "/Users/leandromachado/Projects/Hirings/pin-people-challenge/app/models/organization_structure.rb": {
        "lines": [
          1,
          1,
          1,
          1,
          1,
          1,
          null,
          1,
          null
        ]
      },
      "/Users/leandromachado/Projects/Hirings/pin-people-challenge/spec/models/position_spec.rb": {
        "lines": [
          1,
          null,
          1,
          1,
          4,
          null,
          1,
          2,
          null,
          null,
          1,
          2,
          null,
          1,
          1,
          1,
          null,
          null,
          null,
          1,
          2,
          null,
          1,
          1,
          1,
          null,
          null,
          null,
          null
        ]
      },
      "/Users/leandromachado/Projects/Hirings/pin-people-challenge/app/models/position.rb": {
        "lines": [
          1,
          1,
          null
        ]
      },
      "/Users/leandromachado/Projects/Hirings/pin-people-challenge/spec/models/positions_functions_area_spec.rb": {
        "lines": [
          1,
          null,
          1,
          1,
          1,
          2,
          null,
          null,
          null,
          null,
          null,
          3,
          3,
          3,
          null,
          1,
          2,
          null,
          null,
          1,
          1,
          1,
          null,
          null,
          null,
          null,
          null,
          1,
          1,
          1,
          null,
          null,
          null,
          null
        ]
      },
      "/Users/leandromachado/Projects/Hirings/pin-people-challenge/app/models/positions_functions_area.rb": {
        "lines": [
          1,
          1,
          1,
          1,
          null,
          1,
          null
        ]
      },
      "/Users/leandromachado/Projects/Hirings/pin-people-challenge/spec/models/survey_response_spec.rb": {
        "lines": [
          1,
          null,
          1,
          1,
          3,
          null,
          1,
          2,
          null,
          null,
          1,
          2,
          null,
          1,
          1,
          1,
          null,
          null,
          null,
          null,
          null,
          null
        ]
      },
      "/Users/leandromachado/Projects/Hirings/pin-people-challenge/app/models/survey_response.rb": {
        "lines": [
          1,
          1,
          null,
          1,
          null,
          null,
          null,
          null,
          null,
          null
        ]
      },
      "/Users/leandromachado/Projects/Hirings/pin-people-challenge/spec/requests/datasets_requests_spec.rb": {
        "lines": [
          1,
          null,
          1,
          1,
          3,
          null,
          3,
          3,
          null,
          1,
          3,
          null,
          1,
          1,
          null,
          null,
          1,
          1,
          1,
          null,
          null,
          null,
          null
        ]
      },
      "/Users/leandromachado/Projects/Hirings/pin-people-challenge/spec/schemas/datasets/import_dataset_schema_spec.rb": {
        "lines": [
          1,
          1,
          null,
          1,
          1,
          7,
          null,
          null,
          7,
          7,
          7,
          7,
          7,
          null,
          1,
          null,
          7,
          null,
          null,
          null,
          null,
          null,
          null,
          null,
          null,
          null,
          null,
          null,
          null,
          null,
          null,
          null,
          null,
          null,
          null,
          null,
          null,
          null,
          null,
          null,
          null,
          null,
          null,
          null,
          null,
          null,
          null,
          null,
          null,
          null,
          null,
          null,
          null,
          null,
          null,
          1,
          1,
          1,
          1,
          null,
          null,
          1,
          1,
          1,
          null,
          null,
          null,
          1,
          2,
          null,
          1,
          1,
          1,
          null,
          null,
          null,
          1,
          2,
          null,
          1,
          1,
          1,
          null,
          null,
          null,
          1,
          2,
          null,
          1,
          1,
          1,
          null,
          null,
          null,
          1,
          2,
          null,
          1,
          1,
          1,
          null,
          null,
          null,
          1,
          2,
          null,
          1,
          1,
          1,
          null,
          null,
          null,
          null
        ]
      },
      "/Users/leandromachado/Projects/Hirings/pin-people-challenge/app/schemas/datasets/import_dataset_schema.rb": {
        "lines": [
          1,
          null,
          1,
          1,
          null,
          1,
          1007,
          1006,
          null,
          1,
          null,
          null,
          1,
          1007,
          null,
          null,
          null,
          1,
          1,
          1,
          1,
          1,
          1,
          1,
          1,
          1,
          1,
          1,
          1,
          1,
          1,
          null,
          null,
          null,
          1,
          1,
          1,
          1,
          1,
          1,
          1,
          1,
          1,
          1,
          1,
          1,
          1,
          1,
          1,
          1,
          1,
          1,
          1,
          1,
          1,
          1,
          null,
          null,
          null,
          null
        ]
      },
      "/Users/leandromachado/Projects/Hirings/pin-people-challenge/spec/services/datasets/store_dataset_service_spec.rb": {
        "lines": [
          1,
          null,
          1,
          3,
          null,
          1,
          null,
          2,
          null,
          null,
          null,
          null,
          null,
          null,
          null,
          null,
          null,
          null,
          null,
          null,
          null,
          null,
          null,
          null,
          null,
          null,
          null,
          null,
          null,
          null,
          null,
          null,
          null,
          null,
          null,
          null,
          null,
          null,
          null,
          null,
          null,
          null,
          null,
          null,
          null,
          null,
          1,
          1,
          1,
          1,
          null,
          1,
          null,
          null,
          null,
          1,
          2,
          null,
          2,
          null,
          1,
          1,
          null,
          null,
          null,
          null
        ]
      },
      "/Users/leandromachado/Projects/Hirings/pin-people-challenge/app/services/datasets/store_dataset_service.rb": {
        "lines": [
          1,
          1,
          1,
          4,
          null,
          null,
          1,
          null,
          1,
          4,
          null,
          4,
          null,
          null,
          null,
          null,
          4,
          1002,
          1002,
          1002,
          1002,
          1002,
          null,
          1002,
          null,
          null,
          4,
          4,
          null,
          null,
          null,
          null,
          null,
          null,
          null,
          null,
          null,
          null,
          1,
          1002,
          null,
          null,
          null,
          null,
          null,
          null,
          null,
          null,
          null,
          null,
          null,
          null,
          null,
          null,
          null,
          null,
          null,
          null,
          null,
          null,
          null,
          1,
          1002,
          1002,
          null,
          1002,
          null,
          null,
          1,
          1002,
          null,
          null,
          null,
          null,
          null,
          null,
          null,
          null,
          null,
          null,
          null,
          null,
          1,
          1002,
          1002,
          1002,
          1002,
          1002,
          null,
          1002,
          null,
          null,
          null,
          null,
          null,
          1,
          1002,
          1002,
          1002,
          null,
          1002,
          null,
          null,
          null,
          null,
          1,
          9018,
          null,
          null,
          null
        ]
      },
      "/Users/leandromachado/Projects/Hirings/pin-people-challenge/app/controllers/datasets_controller.rb": {
        "lines": [
          1,
          1,
          2,
          2,
          null,
          2,
          null,
          null,
          1,
          null,
          1,
          2,
          null,
          null
        ]
      },
      "/Users/leandromachado/Projects/Hirings/pin-people-challenge/app/controllers/application_controller.rb": {
        "lines": [
          1,
          null
        ]
      },
      "/Users/leandromachado/Projects/Hirings/pin-people-challenge/app/services/datasets/import_dataset_service.rb": {
        "lines": [
          1,
          1,
          1,
          null,
          1,
          2,
          2,
          2,
          null,
          null,
          1,
          null,
          1,
          2,
          null,
          null,
          null,
          null,
          64,
          null,
          null,
          null,
          1,
          2,
          null,
          null,
          1,
          2,
          null,
          null,
          1,
          64,
          null,
          null,
          null
        ]
      }
    },
    "timestamp": 1734477241
  }
}
