{
  "RSpec": {
    "coverage": {
      "/Users/leandromachado/Projects/Hirings/pin-people-challenge/app/models/city.rb": {
        "lines": [
          1,
          1,
          null
        ]
      },
      "/Users/leandromachado/Projects/Hirings/pin-people-challenge/app/models/application_record.rb": {
        "lines": [
          1,
          1,
          null
        ]
      },
      "/Users/leandromachado/Projects/Hirings/pin-people-challenge/spec/models/company_spec.rb": {
        "lines": [
          1,
          null,
          1,
          1,
          4,
          null,
          1,
          2,
          null,
          null,
          1,
          2,
          null,
          1,
          1,
          1,
          null,
          null,
          null,
          1,
          2,
          null,
          1,
          1,
          1,
          null,
          null,
          null,
          null
        ]
      },
      "/Users/leandromachado/Projects/Hirings/pin-people-challenge/app/models/company.rb": {
        "lines": [
          1,
          1,
          null
        ]
      },
      "/Users/leandromachado/Projects/Hirings/pin-people-challenge/spec/models/coordination_spec.rb": {
        "lines": [
          1,
          null,
          1,
          1,
          4,
          null,
          1,
          2,
          null,
          null,
          1,
          2,
          null,
          1,
          1,
          1,
          null,
          null,
          null,
          1,
          2,
          null,
          1,
          1,
          1,
          null,
          null,
          null,
          null
        ]
      },
      "/Users/leandromachado/Projects/Hirings/pin-people-challenge/app/models/coordination.rb": {
        "lines": [
          1,
          1,
          null
        ]
      },
      "/Users/leandromachado/Projects/Hirings/pin-people-challenge/spec/models/directorate_spec.rb": {
        "lines": [
          1,
          null,
          1,
          1,
          4,
          null,
          1,
          2,
          null,
          null,
          1,
          2,
          null,
          1,
          1,
          1,
          null,
          null,
          null,
          1,
          2,
          null,
          1,
          1,
          1,
          null,
          null,
          null,
          null
        ]
      },
      "/Users/leandromachado/Projects/Hirings/pin-people-challenge/app/models/directorate.rb": {
        "lines": [
          1,
          1,
          null
        ]
      },
      "/Users/leandromachado/Projects/Hirings/pin-people-challenge/spec/models/employee_spec.rb": {
        "lines": [
          1,
          null,
          1,
          1,
          5,
          null,
          1,
          2,
          null,
          null,
          1,
          2,
          null,
          1,
          1,
          1,
          null,
          null,
          null,
          1,
          1,
          2,
          null,
          null,
          null,
          null,
          null,
          1,
          1,
          2,
          null,
          null,
          null,
          null,
          null,
          null
        ]
      },
      "/Users/leandromachado/Projects/Hirings/pin-people-challenge/app/models/employee.rb": {
        "lines": [
          1,
          1,
          1,
          1,
          1,
          1,
          1,
          1,
          null,
          1,
          1,
          null,
          1,
          1,
          null,
          1,
          1,
          1,
          1,
          null
        ]
      },
      "/Users/leandromachado/Projects/Hirings/pin-people-challenge/spec/models/function_spec.rb": {
        "lines": [
          1,
          null,
          1,
          1,
          4,
          null,
          1,
          2,
          null,
          null,
          1,
          2,
          null,
          1,
          1,
          1,
          null,
          null,
          null,
          1,
          2,
          null,
          1,
          1,
          1,
          null,
          null,
          null,
          null
        ]
      },
      "/Users/leandromachado/Projects/Hirings/pin-people-challenge/app/models/function.rb": {
        "lines": [
          1,
          1,
          null
        ]
      },
      "/Users/leandromachado/Projects/Hirings/pin-people-challenge/spec/models/functional_area_spec.rb": {
        "lines": [
          1,
          null,
          1,
          1,
          4,
          null,
          1,
          2,
          null,
          null,
          1,
          2,
          null,
          1,
          1,
          1,
          null,
          null,
          null,
          1,
          2,
          null,
          1,
          1,
          1,
          null,
          null,
          null,
          null
        ]
      },
      "/Users/leandromachado/Projects/Hirings/pin-people-challenge/app/models/functional_area.rb": {
        "lines": [
          1,
          1,
          null
        ]
      },
      "/Users/leandromachado/Projects/Hirings/pin-people-challenge/spec/models/management_spec.rb": {
        "lines": [
          1,
          null,
          1,
          1,
          4,
          null,
          1,
          2,
          null,
          null,
          1,
          2,
          null,
          1,
          1,
          1,
          null,
          null,
          null,
          1,
          2,
          null,
          1,
          1,
          1,
          null,
          null,
          null,
          null
        ]
      },
      "/Users/leandromachado/Projects/Hirings/pin-people-challenge/app/models/management.rb": {
        "lines": [
          1,
          1,
          null
        ]
      },
      "/Users/leandromachado/Projects/Hirings/pin-people-challenge/spec/models/org_area_spec.rb": {
        "lines": [
          1,
          null,
          1,
          1,
          4,
          null,
          1,
          2,
          null,
          null,
          1,
          2,
          null,
          1,
          1,
          1,
          null,
          null,
          null,
          1,
          2,
          null,
          1,
          1,
          1,
          null,
          null,
          null,
          null
        ]
      },
      "/Users/leandromachado/Projects/Hirings/pin-people-challenge/app/models/org_area.rb": {
        "lines": [
          1,
          1,
          null
        ]
      },
      "/Users/leandromachado/Projects/Hirings/pin-people-challenge/spec/models/organization_structure_spec.rb": {
        "lines": [
          1,
          null,
          1,
          1,
          1,
          2,
          null,
          null,
          null,
          null,
          null,
          3,
          3,
          3,
          3,
          3,
          null,
          1,
          2,
          null,
          null,
          1,
          1,
          1,
          null,
          null,
          null,
          null,
          null,
          1,
          1,
          1,
          null,
          null,
          null,
          null
        ]
      },
      "/Users/leandromachado/Projects/Hirings/pin-people-challenge/app/models/organization_structure.rb": {
        "lines": [
          1,
          1,
          1,
          1,
          1,
          1,
          null,
          1,
          null,
          1,
          6,
          null,
          null,
          1,
          6,
          null,
          null,
          1,
          6,
          null,
          null,
          1,
          6,
          null,
          null,
          1,
          6,
          null,
          null
        ]
      },
      "/Users/leandromachado/Projects/Hirings/pin-people-challenge/spec/models/position_spec.rb": {
        "lines": [
          1,
          null,
          1,
          1,
          4,
          null,
          1,
          2,
          null,
          null,
          1,
          2,
          null,
          1,
          1,
          1,
          null,
          null,
          null,
          1,
          2,
          null,
          1,
          1,
          1,
          null,
          null,
          null,
          null
        ]
      },
      "/Users/leandromachado/Projects/Hirings/pin-people-challenge/app/models/position.rb": {
        "lines": [
          1,
          1,
          null
        ]
      },
      "/Users/leandromachado/Projects/Hirings/pin-people-challenge/spec/models/positions_functions_area_spec.rb": {
        "lines": [
          1,
          null,
          1,
          1,
          1,
          2,
          null,
          null,
          null,
          null,
          null,
          3,
          3,
          3,
          null,
          1,
          2,
          null,
          null,
          1,
          1,
          1,
          null,
          null,
          null,
          null,
          null,
          1,
          1,
          1,
          null,
          null,
          null,
          null
        ]
      },
      "/Users/leandromachado/Projects/Hirings/pin-people-challenge/app/models/positions_functions_area.rb": {
        "lines": [
          1,
          1,
          1,
          1,
          null,
          1,
          null,
          1,
          6,
          null,
          null,
          1,
          6,
          null,
          null,
          1,
          6,
          null,
          null
        ]
      },
      "/Users/leandromachado/Projects/Hirings/pin-people-challenge/spec/models/survey_response_spec.rb": {
        "lines": [
          1,
          null,
          1,
          1,
          3,
          null,
          1,
          2,
          null,
          null,
          1,
          2,
          null,
          1,
          1,
          1,
          null,
          null,
          null,
          null,
          null,
          null
        ]
      },
      "/Users/leandromachado/Projects/Hirings/pin-people-challenge/app/models/survey_response.rb": {
        "lines": [
          1,
          1,
          null,
          1,
          null,
          null,
          null,
          null,
          null,
          null
        ]
      },
      "/Users/leandromachado/Projects/Hirings/pin-people-challenge/spec/requests/datasets_requests_spec.rb": {
        "lines": [
          1,
          null,
          1,
          1,
          7,
          null,
          3,
          3,
          3,
          null,
          3,
          null,
          7,
          null,
          1,
          1,
          1,
          null,
          null,
          1,
          1,
          1,
          null,
          null,
          null,
          1,
          3,
          null,
          1,
          1,
          null,
          null,
          1,
          1,
          null,
          null,
          null,
          1,
          3,
          null,
          1,
          1,
          null,
          null,
          1,
          1,
          null,
          null,
          null,
          null
        ]
      },
      "/Users/leandromachado/Projects/Hirings/pin-people-challenge/spec/requests/employees_requests_spec.rb": {
        "lines": [
          1,
          null,
          1,
          1,
          5,
          null,
          3,
          3,
          null,
          5,
          5,
          null,
          1,
          3,
          null,
          3,
          null,
          1,
          1,
          null,
          null,
          1,
          1,
          null,
          null,
          null,
          1,
          3,
          null,
          1,
          1,
          null,
          null,
          1,
          1,
          null,
          null,
          null,
          null
        ]
      },
      "/Users/leandromachado/Projects/Hirings/pin-people-challenge/spec/schemas/datasets/import_dataset_schema_spec.rb": {
        "lines": [
          1,
          1,
          null,
          1,
          1,
          7,
          null,
          null,
          7,
          7,
          7,
          7,
          7,
          null,
          1,
          null,
          7,
          null,
          null,
          null,
          null,
          null,
          null,
          null,
          null,
          null,
          null,
          null,
          null,
          null,
          null,
          null,
          null,
          null,
          null,
          null,
          null,
          null,
          null,
          null,
          null,
          null,
          null,
          null,
          null,
          null,
          null,
          null,
          null,
          null,
          null,
          null,
          null,
          null,
          null,
          1,
          1,
          1,
          1,
          null,
          null,
          1,
          1,
          1,
          null,
          null,
          null,
          1,
          2,
          null,
          1,
          1,
          1,
          null,
          null,
          null,
          1,
          2,
          null,
          1,
          1,
          1,
          null,
          null,
          null,
          1,
          2,
          null,
          1,
          1,
          1,
          null,
          null,
          null,
          1,
          2,
          null,
          1,
          1,
          1,
          null,
          null,
          null,
          1,
          2,
          null,
          1,
          1,
          1,
          null,
          null,
          null,
          null
        ]
      },
      "/Users/leandromachado/Projects/Hirings/pin-people-challenge/app/schemas/datasets/import_dataset_schema.rb": {
        "lines": [
          1,
          null,
          1,
          1,
          null,
          1,
          1537,
          1536,
          null,
          1,
          null,
          null,
          1,
          1537,
          null,
          null,
          null,
          1,
          1,
          1,
          1,
          1,
          1,
          1,
          1,
          1,
          1,
          1,
          1,
          1,
          1,
          null,
          null,
          null,
          1,
          1,
          1,
          1,
          1,
          1,
          1,
          1,
          1,
          1,
          1,
          1,
          1,
          1,
          1,
          1,
          1,
          1,
          1,
          1,
          1,
          1,
          null,
          null,
          null,
          null
        ]
      },
      "/Users/leandromachado/Projects/Hirings/pin-people-challenge/spec/services/datasets/import_dataset_service_spec.rb": {
        "lines": [
          1,
          null,
          1,
          3,
          null,
          2,
          2,
          null,
          1,
          1,
          1,
          1,
          null,
          1,
          1,
          1,
          null,
          null,
          null,
          1,
          1,
          1,
          1,
          null,
          null,
          null,
          null,
          null
        ]
      },
      "/Users/leandromachado/Projects/Hirings/pin-people-challenge/app/services/datasets/import_dataset_service.rb": {
        "lines": [
          1,
          1,
          1,
          null,
          1,
          6,
          6,
          null,
          3,
          null,
          null,
          1,
          null,
          1,
          6,
          null,
          null,
          null,
          null,
          null,
          192,
          null,
          null,
          null,
          null,
          1,
          6,
          null,
          6,
          3,
          null,
          null,
          3,
          null,
          null,
          1,
          3,
          1503,
          null,
          3,
          3,
          null,
          null,
          null,
          null,
          null,
          null,
          null,
          null,
          null,
          null,
          null,
          null,
          null,
          null,
          1,
          null,
          3,
          null,
          null,
          null,
          null,
          null,
          null
        ]
      },
      "/Users/leandromachado/Projects/Hirings/pin-people-challenge/spec/services/employees/build_employee_service_spec.rb": {
        "lines": [
          1,
          null,
          1,
          2,
          null,
          1,
          1,
          null,
          null,
          null,
          null,
          1,
          null,
          1,
          null,
          null,
          null,
          null,
          null,
          null,
          null,
          null,
          null,
          null,
          null,
          null,
          null,
          null,
          null,
          null,
          null,
          null,
          null,
          null,
          null,
          null,
          null,
          null,
          null,
          null,
          null,
          null,
          null,
          null,
          null,
          null,
          null,
          null,
          1,
          1,
          1,
          1,
          null,
          1,
          1,
          null,
          null,
          null,
          null
        ]
      },
      "/Users/leandromachado/Projects/Hirings/pin-people-challenge/app/services/employees/build_employee_service.rb": {
        "lines": [
          1,
          1,
          1,
          null,
          null,
          null,
          null,
          null,
          1,
          null,
          1,
          1501,
          1501,
          1501,
          1501,
          1501,
          null,
          1501,
          null,
          null,
          1,
          1501,
          1501,
          null,
          null,
          null,
          null,
          null,
          null,
          null,
          null,
          null,
          null,
          null,
          null,
          null
        ]
      },
      "/Users/leandromachado/Projects/Hirings/pin-people-challenge/app/services/build_service.rb": {
        "lines": [
          1,
          1,
          6007,
          6007,
          null,
          6007,
          null,
          null,
          1,
          null,
          1,
          null,
          1,
          13517,
          null,
          null
        ]
      },
      "/Users/leandromachado/Projects/Hirings/pin-people-challenge/spec/services/employees/index_employee_service_spec.rb": {
        "lines": [
          1,
          null,
          1,
          4,
          null,
          4,
          4,
          null,
          1,
          1,
          2,
          null,
          1,
          1,
          null,
          null,
          null,
          1,
          2,
          null,
          2,
          null,
          1,
          1,
          null,
          null,
          null,
          1,
          2,
          null,
          2,
          null,
          1,
          1,
          null,
          null,
          null,
          null
        ]
      },
      "/Users/leandromachado/Projects/Hirings/pin-people-challenge/app/services/employees/index_employee_service.rb": {
        "lines": [
          1,
          1,
          1,
          7,
          null,
          null,
          1,
          null,
          1,
          null,
          null,
          null,
          null,
          7,
          null,
          3,
          null,
          null,
          null
        ]
      },
      "/Users/leandromachado/Projects/Hirings/pin-people-challenge/spec/services/organization_structures/build_organization_structure_service_spec.rb": {
        "lines": [
          1,
          null,
          1,
          2,
          null,
          1,
          1,
          null,
          null,
          null,
          1,
          null,
          1,
          null,
          null,
          null,
          null,
          null,
          null,
          null,
          null,
          null,
          null,
          null,
          null,
          null,
          null,
          null,
          null,
          null,
          null,
          null,
          null,
          null,
          null,
          null,
          null,
          null,
          null,
          null,
          null,
          null,
          null,
          null,
          null,
          null,
          null,
          1,
          1,
          1,
          1,
          null,
          1,
          1,
          null,
          null,
          null,
          null
        ]
      },
      "/Users/leandromachado/Projects/Hirings/pin-people-challenge/app/services/organization_structures/build_organization_structure_service.rb": {
        "lines": [
          1,
          1,
          1,
          null,
          1,
          1502,
          1502,
          1502,
          1502,
          1502,
          null,
          1502,
          null,
          null,
          null,
          null,
          null,
          null,
          null,
          null,
          null
        ]
      },
      "/Users/leandromachado/Projects/Hirings/pin-people-challenge/spec/services/positions_functions_areas/build_positions_functions_area_service_spec.rb": {
        "lines": [
          1,
          null,
          1,
          2,
          null,
          2,
          1,
          null,
          1,
          null,
          null,
          null,
          null,
          null,
          null,
          null,
          null,
          null,
          null,
          null,
          null,
          null,
          null,
          null,
          null,
          null,
          null,
          null,
          null,
          null,
          null,
          null,
          null,
          null,
          null,
          null,
          null,
          null,
          null,
          null,
          null,
          null,
          null,
          1,
          1,
          1,
          1,
          null,
          1,
          1,
          null,
          null,
          null,
          null
        ]
      },
      "/Users/leandromachado/Projects/Hirings/pin-people-challenge/app/services/positions_functions_areas/build_positions_functions_area_service.rb": {
        "lines": [
          1,
          1,
          1,
          null,
          1,
          1502,
          1502,
          1502,
          null,
          1502,
          null,
          null,
          null,
          null,
          null,
          null,
          null
        ]
      },
      "/Users/leandromachado/Projects/Hirings/pin-people-challenge/spec/services/survey_responses/build_survey_response_service_spec.rb": {
        "lines": [
          1,
          null,
          1,
          2,
          null,
          2,
          2,
          1,
          null,
          1,
          null,
          null,
          null,
          null,
          null,
          null,
          null,
          null,
          null,
          null,
          null,
          null,
          null,
          null,
          null,
          null,
          null,
          null,
          null,
          null,
          null,
          null,
          null,
          null,
          null,
          null,
          null,
          null,
          null,
          null,
          null,
          null,
          null,
          null,
          1,
          1,
          1,
          1,
          null,
          1,
          null,
          null,
          null,
          null
        ]
      },
      "/Users/leandromachado/Projects/Hirings/pin-people-challenge/app/services/survey_responses/build_survey_response_service.rb": {
        "lines": [
          1,
          1,
          1,
          1502,
          null,
          1502,
          null,
          null,
          1,
          null,
          1,
          null,
          1,
          1502,
          null,
          null,
          null,
          null,
          null,
          null,
          null,
          null,
          null,
          null,
          null,
          null,
          null,
          null,
          null,
          null,
          null,
          null,
          null,
          null,
          null,
          null
        ]
      },
      "/Users/leandromachado/Projects/Hirings/pin-people-challenge/app/controllers/datasets_controller.rb": {
        "lines": [
          1,
          1,
          null,
          1,
          4,
          4,
          null,
          2,
          null,
          null,
          1,
          null,
          1,
          6,
          6,
          null,
          6,
          2,
          null,
          null,
          null,
          1,
          10,
          null,
          null
        ]
      },
      "/Users/leandromachado/Projects/Hirings/pin-people-challenge/app/controllers/application_controller.rb": {
        "lines": [
          1,
          1,
          null,
          1,
          null,
          1,
          4,
          null,
          null
        ]
      },
      "/Users/leandromachado/Projects/Hirings/pin-people-challenge/app/errors/dry_validation_error.rb": {
        "lines": [
          1,
          1,
          null,
          1,
          5,
          5,
          null,
          5,
          null,
          null
        ]
      },
      "/Users/leandromachado/Projects/Hirings/pin-people-challenge/app/schemas/datasets/import_dataset_file_schema.rb": {
        "lines": [
          1,
          null,
          1,
          1,
          1,
          1,
          null,
          null,
          1,
          6,
          2,
          null,
          null,
          null,
          null
        ]
      },
      "/Users/leandromachado/Projects/Hirings/pin-people-challenge/app/controllers/employees_controller.rb": {
        "lines": [
          1,
          1,
          4,
          4,
          null,
          4,
          null,
          null,
          null,
          null,
          null,
          null,
          null,
          null,
          null,
          null,
          null,
          null,
          null,
          null,
          null,
          null
        ]
      }
    },
    "timestamp": 1734501315
  }
}
